  background.cpp
c:\program files (x86)\microsoft visual studio\2017\professional\vc\tools\msvc\14.16.27023\include\gl\gl.h : warning C4819: 该文件包含不能在当前代码页(936)中表示的字符。请将该文件保存为 Unicode 格式以防止数据丢失
  commandbox.cpp
c:\program files (x86)\microsoft visual studio\2017\professional\vc\tools\msvc\14.16.27023\include\gl\gl.h : warning C4819: 该文件包含不能在当前代码页(936)中表示的字符。请将该文件保存为 Unicode 格式以防止数据丢失
  initialize.cpp
c:\program files (x86)\microsoft visual studio\2017\professional\vc\tools\msvc\14.16.27023\include\gl\gl.h : warning C4819: 该文件包含不能在当前代码页(936)中表示的字符。请将该文件保存为 Unicode 格式以防止数据丢失
  keyboard.cpp
c:\program files (x86)\microsoft visual studio\2017\professional\vc\tools\msvc\14.16.27023\include\gl\gl.h : warning C4819: 该文件包含不能在当前代码页(936)中表示的字符。请将该文件保存为 Unicode 格式以防止数据丢失
  main.cpp
c:\users\alien\desktop\coding\cgproject\final_project\cgproject\src\cg_project\main.cpp : warning C4819: 该文件包含不能在当前代码页(936)中表示的字符。请将该文件保存为 Unicode 格式以防止数据丢失
c:\program files (x86)\microsoft visual studio\2017\professional\vc\tools\msvc\14.16.27023\include\gl\gl.h : warning C4819: 该文件包含不能在当前代码页(936)中表示的字符。请将该文件保存为 Unicode 格式以防止数据丢失
  mouse.cpp
c:\program files (x86)\microsoft visual studio\2017\professional\vc\tools\msvc\14.16.27023\include\gl\gl.h : warning C4819: 该文件包含不能在当前代码页(936)中表示的字符。请将该文件保存为 Unicode 格式以防止数据丢失
  正在生成代码...
main.obj : error LNK2019: 无法解析的外部符号 glutInit，该符号在函数 main 中被引用
main.obj : error LNK2019: 无法解析的外部符号 glutInitDisplayMode，该符号在函数 main 中被引用
main.obj : error LNK2019: 无法解析的外部符号 glutInitWindowPosition，该符号在函数 main 中被引用
main.obj : error LNK2019: 无法解析的外部符号 glutInitWindowSize，该符号在函数 main 中被引用
main.obj : error LNK2019: 无法解析的外部符号 glutMainLoop，该符号在函数 main 中被引用
main.obj : error LNK2019: 无法解析的外部符号 glutCreateWindow，该符号在函数 main 中被引用
main.obj : error LNK2019: 无法解析的外部符号 glutPostRedisplay，该符号在函数 "void __cdecl idle(void)" (?idle@@YAXXZ) 中被引用
main.obj : error LNK2019: 无法解析的外部符号 glutSwapBuffers，该符号在函数 "void __cdecl main_menu(int)" (?main_menu@@YAXH@Z) 中被引用
main.obj : error LNK2019: 无法解析的外部符号 glutReshapeWindow，该符号在函数 "void __cdecl SpecialKeys(int,int,int)" (?SpecialKeys@@YAXHHH@Z) 中被引用
main.obj : error LNK2019: 无法解析的外部符号 glutFullScreen，该符号在函数 "void __cdecl SpecialKeys(int,int,int)" (?SpecialKeys@@YAXHHH@Z) 中被引用
main.obj : error LNK2019: 无法解析的外部符号 glutCreateMenu，该符号在函数 main 中被引用
main.obj : error LNK2019: 无法解析的外部符号 glutAddMenuEntry，该符号在函数 main 中被引用
main.obj : error LNK2019: 无法解析的外部符号 glutAddSubMenu，该符号在函数 main 中被引用
main.obj : error LNK2019: 无法解析的外部符号 glutAttachMenu，该符号在函数 main 中被引用
main.obj : error LNK2019: 无法解析的外部符号 glutDisplayFunc，该符号在函数 main 中被引用
main.obj : error LNK2019: 无法解析的外部符号 glutReshapeFunc，该符号在函数 main 中被引用
main.obj : error LNK2019: 无法解析的外部符号 glutKeyboardFunc，该符号在函数 main 中被引用
main.obj : error LNK2019: 无法解析的外部符号 glutMouseFunc，该符号在函数 main 中被引用
main.obj : error LNK2019: 无法解析的外部符号 glutMotionFunc，该符号在函数 main 中被引用
main.obj : error LNK2019: 无法解析的外部符号 glutIdleFunc，该符号在函数 main 中被引用
main.obj : error LNK2019: 无法解析的外部符号 glutSpecialFunc，该符号在函数 main 中被引用
main.obj : error LNK2019: 无法解析的外部符号 glutGet，该符号在函数 "void __cdecl SpecialKeys(int,int,int)" (?SpecialKeys@@YAXHHH@Z) 中被引用
main.obj : error LNK2019: 无法解析的外部符号 glutSolidCube，该符号在函数 "void __cdecl Draw_Leg(void)" (?Draw_Leg@@YAXXZ) 中被引用
glut32.lib : warning LNK4272: 库计算机类型“x86”与目标计算机类型“x64”冲突
C:\Users\Alien\Desktop\coding\CGproject\final_project\CGproject\src\x64\Debug\CG_Project.exe : fatal error LNK1120: 23 个无法解析的外部命令
