  main.cpp
c:\users\alien\desktop\coding\cgproject\new_final\cg2019\src\cg_project\main.cpp : warning C4819: 该文件包含不能在当前代码页(936)中表示的字符。请将该文件保存为 Unicode 格式以防止数据丢失
c:\program files (x86)\microsoft visual studio\2017\professional\vc\tools\msvc\14.16.27023\include\gl\gl.h : warning C4819: 该文件包含不能在当前代码页(936)中表示的字符。请将该文件保存为 Unicode 格式以防止数据丢失
c:\users\alien\desktop\coding\cgproject\new_final\cg2019\src\cg_project\screenshot.h(9): warning C4091: “static ”: 没有声明变量时忽略“screenshot”的左侧
c:\users\alien\desktop\coding\cgproject\new_final\cg2019\src\cg_project\main.cpp(259): warning C4018: “<”: 有符号/无符号不匹配
c:\users\alien\desktop\coding\cgproject\new_final\cg2019\src\cg_project\main.cpp(271): warning C4018: “<”: 有符号/无符号不匹配
SOIL.lib(SOIL.obj) : warning LNK4075: 忽略“/EDITANDCONTINUE”(由于“/OPT:ICF”规范)
LINK : warning LNK4098: 默认库“MSVCRTD”与其他库的使用冲突；请使用 /NODEFAULTLIB:library
  正在生成代码
  60 of 587 functions (10.2%) were compiled, the rest were copied from previous compilation.
    0 functions were new in current compilation
    17 functions had inline decision re-evaluated but remain unchanged
  已完成代码的生成
glut32.lib(glut32.dll) : error LNK2026: 模块对于 SAFESEH 映像是不安全的。
glut32.lib(glut32.dll) : error LNK2026: 模块对于 SAFESEH 映像是不安全的。
glut32.lib(glut32.dll) : error LNK2026: 模块对于 SAFESEH 映像是不安全的。
glut32.lib(glut32.dll) : error LNK2026: 模块对于 SAFESEH 映像是不安全的。
glut32.lib(glut32.dll) : error LNK2026: 模块对于 SAFESEH 映像是不安全的。
glut32.lib(glut32.dll) : error LNK2026: 模块对于 SAFESEH 映像是不安全的。
glut32.lib(glut32.dll) : error LNK2026: 模块对于 SAFESEH 映像是不安全的。
glut32.lib(glut32.dll) : error LNK2026: 模块对于 SAFESEH 映像是不安全的。
glut32.lib(glut32.dll) : error LNK2026: 模块对于 SAFESEH 映像是不安全的。
glut32.lib(glut32.dll) : error LNK2026: 模块对于 SAFESEH 映像是不安全的。
glut32.lib(glut32.dll) : error LNK2026: 模块对于 SAFESEH 映像是不安全的。
glut32.lib(glut32.dll) : error LNK2026: 模块对于 SAFESEH 映像是不安全的。
glut32.lib(glut32.dll) : error LNK2026: 模块对于 SAFESEH 映像是不安全的。
glut32.lib(glut32.dll) : error LNK2026: 模块对于 SAFESEH 映像是不安全的。
glut32.lib(glut32.dll) : error LNK2026: 模块对于 SAFESEH 映像是不安全的。
glut32.lib(glut32.dll) : error LNK2026: 模块对于 SAFESEH 映像是不安全的。
glut32.lib(glut32.dll) : error LNK2026: 模块对于 SAFESEH 映像是不安全的。
glut32.lib(glut32.dll) : error LNK2026: 模块对于 SAFESEH 映像是不安全的。
glut32.lib(glut32.dll) : error LNK2026: 模块对于 SAFESEH 映像是不安全的。
glut32.lib(glut32.dll) : error LNK2026: 模块对于 SAFESEH 映像是不安全的。
glut32.lib(glut32.dll) : error LNK2026: 模块对于 SAFESEH 映像是不安全的。
glut32.lib(glut32.dll) : error LNK2026: 模块对于 SAFESEH 映像是不安全的。
glut32.lib(glut32.dll) : error LNK2026: 模块对于 SAFESEH 映像是不安全的。
C:\Users\Alien\Desktop\coding\CGproject\New_final\CG2019\src\Release\CG_Project.exe : fatal error LNK1281: 无法生成 SAFESEH 映像。
